0 verbose cli /home/ubuntu/.nvm/versions/node/v21.7.1/bin/node /home/ubuntu/.nvm/versions/node/v21.7.1/bin/npm
1 info using npm@10.5.0
2 info using node@v21.7.1
3 timing npm:load:whichnode Completed in 1ms
4 timing config:load:defaults Completed in 2ms
5 timing config:load:file:/home/ubuntu/.nvm/versions/node/v21.7.1/lib/node_modules/npm/npmrc Completed in 4ms
6 timing config:load:builtin Completed in 4ms
7 timing config:load:cli Completed in 2ms
8 timing config:load:env Completed in 0ms
9 timing config:load:file:/home/ubuntu/socialLoginProject/.npmrc Completed in 0ms
10 timing config:load:project Completed in 17ms
11 timing config:load:file:/home/ubuntu/.npmrc Completed in 1ms
12 timing config:load:user Completed in 1ms
13 timing config:load:file:/home/ubuntu/.nvm/versions/node/v21.7.1/etc/npmrc Completed in 1ms
14 timing config:load:global Completed in 1ms
15 timing config:load:setEnvs Completed in 1ms
16 timing config:load Completed in 28ms
17 timing npm:load:configload Completed in 28ms
18 timing config:load:flatten Completed in 3ms
19 timing npm:load:mkdirpcache Completed in 2ms
20 timing npm:load:mkdirplogs Completed in 1ms
21 verbose title npm install
22 verbose argv "install"
23 timing npm:load:setTitle Completed in 0ms
24 timing npm:load:display Completed in 1ms
25 verbose logfile logs-max:10 dir:/home/ubuntu/.npm/_logs/2024-04-02T08_11_05_605Z-
26 verbose logfile /home/ubuntu/.npm/_logs/2024-04-02T08_11_05_605Z-debug-0.log
27 timing npm:load:logFile Completed in 10ms
28 timing npm:load:timers Completed in 0ms
29 timing npm:load:configScope Completed in 0ms
30 timing npm:load Completed in 69ms
31 timing arborist:ctor Completed in 0ms
32 silly logfile done cleaning log files
33 timing idealTree:init Completed in 201ms
34 timing idealTree:userRequests Completed in 0ms
35 silly idealTree buildDeps
36 timing idealTree:#root Completed in 1ms
37 timing idealTree:buildDeps Completed in 2ms
38 timing idealTree:fixDepFlags Completed in 0ms
39 timing idealTree Completed in 210ms
40 timing reify:loadTrees Completed in 236ms
41 timing reify:diffTrees Completed in 8ms
42 silly reify moves {}
43 timing reify:retireShallow Completed in 2ms
44 timing reify:createSparse Completed in 19ms
45 silly tarball no local data for npm@https://registry.npmjs.org/npm/-/npm-10.5.0.tgz. Extracting by manifest.
46 http fetch GET 200 https://registry.npmjs.org/npm/-/npm-10.5.0.tgz 1548ms (cache miss)
47 timing reifyNode:node_modules/npm Completed in 1557ms
48 timing arborist:ctor Completed in 0ms
49 timing reify:diffTrees Completed in 8ms
50 timing reify:loadBundles Completed in 1975ms
51 silly audit bulk request {
51 silly audit   accepts: [ '1.3.8' ],
51 silly audit   'array-flatten': [ '1.1.1' ],
51 silly audit   'body-parser': [ '1.20.2' ],
51 silly audit   bytes: [ '3.1.2' ],
51 silly audit   'call-bind': [ '1.0.7' ],
51 silly audit   'content-disposition': [ '0.5.4' ],
51 silly audit   'content-type': [ '1.0.5' ],
51 silly audit   cookie: [ '0.6.0' ],
51 silly audit   'cookie-signature': [ '1.0.6' ],
51 silly audit   cors: [ '2.8.5' ],
51 silly audit   debug: [ '2.6.9', '4.3.4' ],
51 silly audit   'define-data-property': [ '1.1.4' ],
51 silly audit   depd: [ '2.0.0' ],
51 silly audit   destroy: [ '1.2.0' ],
51 silly audit   'ee-first': [ '1.1.1' ],
51 silly audit   encodeurl: [ '1.0.2' ],
51 silly audit   'es-define-property': [ '1.0.0' ],
51 silly audit   'es-errors': [ '1.3.0' ],
51 silly audit   'escape-html': [ '1.0.3' ],
51 silly audit   etag: [ '1.8.1' ],
51 silly audit   express: [ '4.19.2' ],
51 silly audit   finalhandler: [ '1.2.0' ],
51 silly audit   forwarded: [ '0.2.0' ],
51 silly audit   fresh: [ '0.5.2' ],
51 silly audit   'function-bind': [ '1.1.2' ],
51 silly audit   'get-intrinsic': [ '1.2.4' ],
51 silly audit   gopd: [ '1.0.1' ],
51 silly audit   'has-property-descriptors': [ '1.0.2' ],
51 silly audit   'has-proto': [ '1.0.3' ],
51 silly audit   'has-symbols': [ '1.0.3' ],
51 silly audit   hasown: [ '2.0.2', '2.0.1' ],
51 silly audit   'http-errors': [ '2.0.0' ],
51 silly audit   'iconv-lite': [ '0.4.24', '0.6.3' ],
51 silly audit   inherits: [ '2.0.4' ],
51 silly audit   'ipaddr.js': [ '1.9.1' ],
51 silly audit   'media-typer': [ '0.3.0' ],
51 silly audit   'merge-descriptors': [ '1.0.1' ],
51 silly audit   methods: [ '1.1.2' ],
51 silly audit   mime: [ '1.6.0' ],
51 silly audit   'mime-db': [ '1.52.0' ],
51 silly audit   'mime-types': [ '2.1.35' ],
51 silly audit   ms: [ '2.0.0', '2.1.3', '2.1.2' ],
51 silly audit   negotiator: [ '0.6.3' ],
51 silly audit   'ansi-regex': [ '5.0.1', '6.0.1' ],
51 silly audit   'emoji-regex': [ '8.0.0', '9.2.2' ],
51 silly audit   'string-width': [ '4.2.3', '5.1.2' ],
51 silly audit   'strip-ansi': [ '6.0.1', '7.1.0' ],
51 silly audit   'ansi-styles': [ '6.2.1', '4.3.0' ],
51 silly audit   which: [ '2.0.2', '4.0.0' ],
51 silly audit   'fs-minipass': [ '3.0.3', '2.1.0' ],
51 silly audit   isexe: [ '2.0.0', '3.1.1' ],
51 silly audit   'lru-cache': [ '10.2.0', '6.0.0' ],
51 silly audit   minipass: [ '7.0.4', '3.3.6', '5.0.0' ],
51 silly audit   'safer-buffer': [ '2.1.2' ],
51 silly audit   'wrap-ansi': [ '8.1.0', '7.0.0' ],
51 silly audit   'object-assign': [ '4.1.1' ],
51 silly audit   'object-inspect': [ '1.13.1' ],
51 silly audit   'on-finished': [ '2.4.1' ],
51 silly audit   parseurl: [ '1.3.3' ],
51 silly audit   'path-to-regexp': [ '0.1.7' ],
51 silly audit   'proxy-addr': [ '2.0.7' ],
51 silly audit   qs: [ '6.11.0' ],
51 silly audit   'range-parser': [ '1.2.1' ],
51 silly audit   'raw-body': [ '2.5.2' ],
51 silly audit   'safe-buffer': [ '5.2.1' ],
51 silly audit   send: [ '0.18.0' ],
51 silly audit   'serve-static': [ '1.15.0' ],
51 silly audit   'set-function-length': [ '1.2.2' ],
51 silly audit   setprototypeof: [ '1.2.0' ],
51 silly audit   'side-channel': [ '1.0.6' ],
51 silly audit   statuses: [ '2.0.1' ],
51 silly audit   toidentifier: [ '1.0.1' ],
51 silly audit   'type-is': [ '1.6.18' ],
51 silly audit   unpipe: [ '1.0.0' ],
51 silly audit   'utils-merge': [ '1.0.1' ],
51 silly audit   vary: [ '1.1.2' ],
51 silly audit   npm: [ '10.5.0' ],
51 silly audit   abbrev: [ '2.0.0' ],
51 silly audit   'agent-base': [ '7.1.0' ],
51 silly audit   'aggregate-error': [ '3.1.0' ],
51 silly audit   aproba: [ '2.0.0' ],
51 silly audit   archy: [ '1.0.0' ],
51 silly audit   'are-we-there-yet': [ '4.0.2' ],
51 silly audit   'balanced-match': [ '1.0.2' ],
51 silly audit   'bin-links': [ '4.0.3' ],
51 silly audit   'binary-extensions': [ '2.2.0' ],
51 silly audit   'brace-expansion': [ '2.0.1' ],
51 silly audit   builtins: [ '5.0.1' ],
51 silly audit   cacache: [ '18.0.2' ],
51 silly audit   chalk: [ '5.3.0' ],
51 silly audit   chownr: [ '2.0.0' ],
51 silly audit   'ci-info': [ '4.0.0' ],
51 silly audit   'cidr-regex': [ '4.0.3' ],
51 silly audit   'clean-stack': [ '2.2.0' ],
51 silly audit   'cli-columns': [ '4.0.0' ],
51 silly audit   'cli-table3': [ '0.6.3' ],
51 silly audit   clone: [ '1.0.4' ],
51 silly audit   'cmd-shim': [ '6.0.2' ],
51 silly audit   'color-convert': [ '2.0.1' ],
51 silly audit   'color-name': [ '1.1.4' ],
51 silly audit   'color-support': [ '1.1.3' ],
51 silly audit   columnify: [ '1.6.0' ],
51 silly audit   'common-ancestor-path': [ '1.0.1' ],
51 silly audit   'console-control-strings': [ '1.1.0' ],
51 silly audit   'cross-spawn': [ '7.0.3' ],
51 silly audit   cssesc: [ '3.0.0' ],
51 silly audit   defaults: [ '1.0.4' ],
51 silly audit   diff: [ '5.2.0' ],
51 silly audit   eastasianwidth: [ '0.2.0' ],
51 silly audit   encoding: [ '0.1.13' ],
51 silly audit   'env-paths': [ '2.2.1' ],
51 silly audit   'err-code': [ '2.0.3' ],
51 silly audit   'exponential-backoff': [ '3.1.1' ],
51 silly audit   'fastest-levenshtein': [ '1.0.16' ],
51 silly audit   'foreground-child': [ '3.1.1' ],
51 silly audit   gauge: [ '5.0.1' ],
51 silly audit   glob: [ '10.3.10' ],
51 silly audit   'graceful-fs': [ '4.2.11' ],
51 silly audit   'has-unicode': [ '2.0.1' ],
51 silly audit   'hosted-git-info': [ '7.0.1' ],
51 silly audit   'http-cache-semantics': [ '4.1.1' ],
51 silly audit   'http-proxy-agent': [ '7.0.2' ],
51 silly audit   'https-proxy-agent': [ '7.0.4' ],
51 silly audit   'ignore-walk': [ '6.0.4' ],
51 silly audit   imurmurhash: [ '0.1.4' ],
51 silly audit   'indent-string': [ '4.0.0' ],
51 silly audit   ini: [ '4.1.1' ],
51 silly audit   'init-package-json': [ '6.0.0' ],
51 silly audit   'ip-address': [ '9.0.5' ],
51 silly audit   'sprintf-js': [ '1.1.3' ],
51 silly audit   'ip-regex': [ '5.0.0' ],
51 silly audit   'is-cidr': [ '5.0.3' ],
51 silly audit   'is-core-module': [ '2.13.1' ],
51 silly audit   'is-fullwidth-code-point': [ '3.0.0' ],
51 silly audit   'is-lambda': [ '1.0.1' ],
51 silly audit   jackspeak: [ '2.3.6' ],
51 silly audit   jsbn: [ '1.1.0' ],
51 silly audit   'json-parse-even-better-errors': [ '3.0.1' ],
51 silly audit   'json-stringify-nice': [ '1.1.4' ],
51 silly audit   jsonparse: [ '1.3.1' ],
51 silly audit   'just-diff': [ '6.0.2' ],
51 silly audit   'just-diff-apply': [ '5.5.0' ],
51 silly audit   libnpmaccess: [ '8.0.2' ],
51 silly audit   libnpmdiff: [ '6.0.7' ],
51 silly audit   libnpmexec: [ '7.0.8' ],
51 silly audit   libnpmfund: [ '5.0.5' ],
51 silly audit   libnpmhook: [ '10.0.1' ],
51 silly audit   libnpmorg: [ '6.0.2' ],
51 silly audit   libnpmpack: [ '6.0.7' ],
51 silly audit   libnpmpublish: [ '9.0.4' ],
51 silly audit   libnpmsearch: [ '7.0.1' ],
51 silly audit   libnpmteam: [ '6.0.1' ],
51 silly audit   libnpmversion: [ '5.0.2' ],
51 silly audit   'make-fetch-happen': [ '13.0.0' ],
51 silly audit   minimatch: [ '9.0.3' ],
51 silly audit   'minipass-collect': [ '2.0.1' ],
51 silly audit   'minipass-fetch': [ '3.0.4' ],
51 silly audit   'minipass-flush': [ '1.0.5' ],
51 silly audit   'minipass-json-stream': [ '1.0.1' ],
51 silly audit   'minipass-pipeline': [ '1.2.4' ],
51 silly audit   'minipass-sized': [ '1.0.3' ],
51 silly audit   minizlib: [ '2.1.2' ],
51 silly audit   mkdirp: [ '1.0.4' ],
51 silly audit   'mute-stream': [ '1.0.0' ],
51 silly audit   'node-gyp': [ '10.0.1' ],
51 silly audit   nopt: [ '7.2.0' ],
51 silly audit   'normalize-package-data': [ '6.0.0' ],
51 silly audit   'npm-audit-report': [ '5.0.0' ],
51 silly audit   'npm-bundled': [ '3.0.0' ],
51 silly audit   'npm-install-checks': [ '6.3.0' ],
51 silly audit   'npm-normalize-package-bin': [ '3.0.1' ],
51 silly audit   'npm-package-arg': [ '11.0.1' ],
51 silly audit   'npm-packlist': [ '8.0.2' ],
51 silly audit   'npm-pick-manifest': [ '9.0.0' ],
51 silly audit   'npm-profile': [ '9.0.0' ],
51 silly audit   'npm-registry-fetch': [ '16.1.0' ],
51 silly audit   'npm-user-validate': [ '2.0.0' ],
51 silly audit   npmlog: [ '7.0.1' ],
51 silly audit   'p-map': [ '4.0.0' ],
51 silly audit   pacote: [ '17.0.6' ],
51 silly audit   'parse-conflict-json': [ '3.0.1' ],
51 silly audit   'path-key': [ '3.1.1' ],
51 silly audit   'path-scurry': [ '1.10.1' ],
51 silly audit   'postcss-selector-parser': [ '6.0.15' ],
51 silly audit   'proc-log': [ '3.0.0' ],
51 silly audit   'promise-all-reject-late': [ '1.0.1' ],
51 silly audit   'promise-call-limit': [ '3.0.1' ],
51 silly audit   'promise-inflight': [ '1.0.1' ],
51 silly audit   'promise-retry': [ '2.0.1' ],
51 silly audit   promzard: [ '1.0.0' ],
51 silly audit   'qrcode-terminal': [ '0.12.0' ],
51 silly audit   read: [ '2.1.0' ],
51 silly audit   'read-cmd-shim': [ '4.0.0' ],
51 silly audit   'read-package-json': [ '7.0.0' ],
51 silly audit   'read-package-json-fast': [ '3.0.2' ],
51 silly audit   retry: [ '0.12.0' ],
51 silly audit   semver: [ '7.6.0' ],
51 silly audit   'set-blocking': [ '2.0.0' ],
51 silly audit   'shebang-command': [ '2.0.0' ],
51 silly audit   'shebang-regex': [ '3.0.0' ],
51 silly audit   'signal-exit': [ '4.1.0' ],
51 silly audit   sigstore: [ '2.2.2' ],
51 silly audit   'smart-buffer': [ '4.2.0' ],
51 silly audit   socks: [ '2.8.0' ],
51 silly audit   'socks-proxy-agent': [ '8.0.2' ],
51 silly audit   'spdx-correct': [ '3.2.0' ],
51 silly audit   'spdx-exceptions': [ '2.5.0' ],
51 silly audit   'spdx-expression-parse': [ '3.0.1' ],
51 silly audit   'spdx-license-ids': [ '3.0.17' ],
51 silly audit   ssri: [ '10.0.5' ],
51 silly audit   'supports-color': [ '9.4.0' ],
51 silly audit   tar: [ '6.2.0' ],
51 silly audit   'text-table': [ '0.2.0' ],
51 silly audit   'tiny-relative-date': [ '1.3.0' ],
51 silly audit   treeverse: [ '3.0.0' ],
51 silly audit   'tuf-js': [ '2.2.0' ],
51 silly audit   'unique-filename': [ '3.0.0' ],
51 silly audit   'unique-slug': [ '4.0.0' ],
51 silly audit   'util-deprecate': [ '1.0.2' ],
51 silly audit   'validate-npm-package-license': [ '3.0.4' ],
51 silly audit   'validate-npm-package-name': [ '5.0.0' ],
51 silly audit   'walk-up-path': [ '3.0.1' ],
51 silly audit   wcwidth: [ '1.0.1' ],
51 silly audit   'wide-align': [ '1.1.5' ],
51 silly audit   'write-file-atomic': [ '5.0.1' ],
51 silly audit   yallist: [ '4.0.0' ],
51 silly audit   '@colors/colors': [ '1.5.0' ],
51 silly audit   '@isaacs/cliui': [ '8.0.2' ],
51 silly audit   '@isaacs/string-locale-compare': [ '1.1.0' ],
51 silly audit   '@npmcli/agent': [ '2.2.1' ],
51 silly audit   '@npmcli/arborist': [ '7.4.0' ],
51 silly audit   '@npmcli/config': [ '8.2.0' ],
51 silly audit   '@npmcli/disparity-colors': [ '3.0.0' ],
51 silly audit   '@npmcli/fs': [ '3.1.0' ],
51 silly audit   '@npmcli/git': [ '5.0.4' ],
51 silly audit   '@npmcli/installed-package-contents': [ '2.0.2' ],
51 silly audit   '@npmcli/map-workspaces': [ '3.0.4' ],
51 silly audit   '@npmcli/metavuln-calculator': [ '7.0.0' ],
51 silly audit   '@npmcli/name-from-folder': [ '2.0.0' ],
51 silly audit   '@npmcli/node-gyp': [ '3.0.0' ],
51 silly audit   '@npmcli/package-json': [ '5.0.0' ],
51 silly audit   '@npmcli/promise-spawn': [ '7.0.1' ],
51 silly audit   '@npmcli/query': [ '3.1.0' ],
51 silly audit   '@npmcli/run-script': [ '7.0.4' ],
51 silly audit   '@pkgjs/parseargs': [ '0.11.0' ],
51 silly audit   '@sigstore/bundle': [ '2.2.0' ],
51 silly audit   '@sigstore/core': [ '1.0.0' ],
51 silly audit   '@sigstore/protobuf-specs': [ '0.3.0' ],
51 silly audit   '@sigstore/sign': [ '2.2.3' ],
51 silly audit   '@sigstore/tuf': [ '2.3.1' ],
51 silly audit   '@sigstore/verify': [ '1.1.0' ],
51 silly audit   '@tufjs/canonical-json': [ '2.0.0' ],
51 silly audit   '@tufjs/models': [ '2.0.0' ]
51 silly audit }
52 silly tarball no local data for vary@https://registry.npmjs.org/vary/-/vary-1.1.2.tgz. Extracting by manifest.
53 silly tarball no local data for utils-merge@https://registry.npmjs.org/utils-merge/-/utils-merge-1.0.1.tgz. Extracting by manifest.
54 silly tarball no local data for unpipe@https://registry.npmjs.org/unpipe/-/unpipe-1.0.0.tgz. Extracting by manifest.
55 silly tarball no local data for type-is@https://registry.npmjs.org/type-is/-/type-is-1.6.18.tgz. Extracting by manifest.
56 silly tarball no local data for toidentifier@https://registry.npmjs.org/toidentifier/-/toidentifier-1.0.1.tgz. Extracting by manifest.
57 silly tarball no local data for statuses@https://registry.npmjs.org/statuses/-/statuses-2.0.1.tgz. Extracting by manifest.
58 silly tarball no local data for side-channel@https://registry.npmjs.org/side-channel/-/side-channel-1.0.6.tgz. Extracting by manifest.
59 silly tarball no local data for setprototypeof@https://registry.npmjs.org/setprototypeof/-/setprototypeof-1.2.0.tgz. Extracting by manifest.
60 silly tarball no local data for set-function-length@https://registry.npmjs.org/set-function-length/-/set-function-length-1.2.2.tgz. Extracting by manifest.
61 silly tarball no local data for serve-static@https://registry.npmjs.org/serve-static/-/serve-static-1.15.0.tgz. Extracting by manifest.
62 silly tarball no local data for send@https://registry.npmjs.org/send/-/send-0.18.0.tgz. Extracting by manifest.
63 silly tarball no local data for safer-buffer@https://registry.npmjs.org/safer-buffer/-/safer-buffer-2.1.2.tgz. Extracting by manifest.
64 silly tarball no local data for safe-buffer@https://registry.npmjs.org/safe-buffer/-/safe-buffer-5.2.1.tgz. Extracting by manifest.
65 silly tarball no local data for raw-body@https://registry.npmjs.org/raw-body/-/raw-body-2.5.2.tgz. Extracting by manifest.
66 silly tarball no local data for range-parser@https://registry.npmjs.org/range-parser/-/range-parser-1.2.1.tgz. Extracting by manifest.
67 silly tarball no local data for qs@https://registry.npmjs.org/qs/-/qs-6.11.0.tgz. Extracting by manifest.
68 silly tarball no local data for proxy-addr@https://registry.npmjs.org/proxy-addr/-/proxy-addr-2.0.7.tgz. Extracting by manifest.
69 silly tarball no local data for path-to-regexp@https://registry.npmjs.org/path-to-regexp/-/path-to-regexp-0.1.7.tgz. Extracting by manifest.
70 silly tarball no local data for parseurl@https://registry.npmjs.org/parseurl/-/parseurl-1.3.3.tgz. Extracting by manifest.
71 silly tarball no local data for on-finished@https://registry.npmjs.org/on-finished/-/on-finished-2.4.1.tgz. Extracting by manifest.
72 silly tarball no local data for object-inspect@https://registry.npmjs.org/object-inspect/-/object-inspect-1.13.1.tgz. Extracting by manifest.
73 silly tarball no local data for object-assign@https://registry.npmjs.org/object-assign/-/object-assign-4.1.1.tgz. Extracting by manifest.
74 silly tarball no local data for negotiator@https://registry.npmjs.org/negotiator/-/negotiator-0.6.3.tgz. Extracting by manifest.
75 silly tarball no local data for ms@https://registry.npmjs.org/ms/-/ms-2.0.0.tgz. Extracting by manifest.
76 silly tarball no local data for mime-types@https://registry.npmjs.org/mime-types/-/mime-types-2.1.35.tgz. Extracting by manifest.
77 silly tarball no local data for mime-db@https://registry.npmjs.org/mime-db/-/mime-db-1.52.0.tgz. Extracting by manifest.
78 silly tarball no local data for mime@https://registry.npmjs.org/mime/-/mime-1.6.0.tgz. Extracting by manifest.
79 silly tarball no local data for methods@https://registry.npmjs.org/methods/-/methods-1.1.2.tgz. Extracting by manifest.
80 silly tarball no local data for merge-descriptors@https://registry.npmjs.org/merge-descriptors/-/merge-descriptors-1.0.1.tgz. Extracting by manifest.
81 silly tarball no local data for media-typer@https://registry.npmjs.org/media-typer/-/media-typer-0.3.0.tgz. Extracting by manifest.
82 silly tarball no local data for ipaddr.js@https://registry.npmjs.org/ipaddr.js/-/ipaddr.js-1.9.1.tgz. Extracting by manifest.
83 silly tarball no local data for inherits@https://registry.npmjs.org/inherits/-/inherits-2.0.4.tgz. Extracting by manifest.
84 silly tarball no local data for iconv-lite@https://registry.npmjs.org/iconv-lite/-/iconv-lite-0.4.24.tgz. Extracting by manifest.
85 silly tarball no local data for http-errors@https://registry.npmjs.org/http-errors/-/http-errors-2.0.0.tgz. Extracting by manifest.
86 silly tarball no local data for hasown@https://registry.npmjs.org/hasown/-/hasown-2.0.2.tgz. Extracting by manifest.
87 silly tarball no local data for has-symbols@https://registry.npmjs.org/has-symbols/-/has-symbols-1.0.3.tgz. Extracting by manifest.
88 silly tarball no local data for has-proto@https://registry.npmjs.org/has-proto/-/has-proto-1.0.3.tgz. Extracting by manifest.
89 silly tarball no local data for has-property-descriptors@https://registry.npmjs.org/has-property-descriptors/-/has-property-descriptors-1.0.2.tgz. Extracting by manifest.
90 silly tarball no local data for gopd@https://registry.npmjs.org/gopd/-/gopd-1.0.1.tgz. Extracting by manifest.
91 silly tarball no local data for get-intrinsic@https://registry.npmjs.org/get-intrinsic/-/get-intrinsic-1.2.4.tgz. Extracting by manifest.
92 silly tarball no local data for function-bind@https://registry.npmjs.org/function-bind/-/function-bind-1.1.2.tgz. Extracting by manifest.
93 silly tarball no local data for fresh@https://registry.npmjs.org/fresh/-/fresh-0.5.2.tgz. Extracting by manifest.
94 silly tarball no local data for forwarded@https://registry.npmjs.org/forwarded/-/forwarded-0.2.0.tgz. Extracting by manifest.
95 silly tarball no local data for finalhandler@https://registry.npmjs.org/finalhandler/-/finalhandler-1.2.0.tgz. Extracting by manifest.
96 silly tarball no local data for express@https://registry.npmjs.org/express/-/express-4.19.2.tgz. Extracting by manifest.
97 silly tarball no local data for etag@https://registry.npmjs.org/etag/-/etag-1.8.1.tgz. Extracting by manifest.
98 silly tarball no local data for escape-html@https://registry.npmjs.org/escape-html/-/escape-html-1.0.3.tgz. Extracting by manifest.
99 silly tarball no local data for es-errors@https://registry.npmjs.org/es-errors/-/es-errors-1.3.0.tgz. Extracting by manifest.
100 silly tarball no local data for es-define-property@https://registry.npmjs.org/es-define-property/-/es-define-property-1.0.0.tgz. Extracting by manifest.
101 silly tarball no local data for encodeurl@https://registry.npmjs.org/encodeurl/-/encodeurl-1.0.2.tgz. Extracting by manifest.
102 silly tarball no local data for ee-first@https://registry.npmjs.org/ee-first/-/ee-first-1.1.1.tgz. Extracting by manifest.
103 silly tarball no local data for destroy@https://registry.npmjs.org/destroy/-/destroy-1.2.0.tgz. Extracting by manifest.
104 silly tarball no local data for depd@https://registry.npmjs.org/depd/-/depd-2.0.0.tgz. Extracting by manifest.
105 silly tarball no local data for define-data-property@https://registry.npmjs.org/define-data-property/-/define-data-property-1.1.4.tgz. Extracting by manifest.
106 silly tarball no local data for debug@https://registry.npmjs.org/debug/-/debug-2.6.9.tgz. Extracting by manifest.
107 silly tarball no local data for cors@https://registry.npmjs.org/cors/-/cors-2.8.5.tgz. Extracting by manifest.
108 silly tarball no local data for cookie-signature@https://registry.npmjs.org/cookie-signature/-/cookie-signature-1.0.6.tgz. Extracting by manifest.
109 silly tarball no local data for cookie@https://registry.npmjs.org/cookie/-/cookie-0.6.0.tgz. Extracting by manifest.
110 silly tarball no local data for content-type@https://registry.npmjs.org/content-type/-/content-type-1.0.5.tgz. Extracting by manifest.
111 silly tarball no local data for content-disposition@https://registry.npmjs.org/content-disposition/-/content-disposition-0.5.4.tgz. Extracting by manifest.
112 silly tarball no local data for call-bind@https://registry.npmjs.org/call-bind/-/call-bind-1.0.7.tgz. Extracting by manifest.
113 silly tarball no local data for bytes@https://registry.npmjs.org/bytes/-/bytes-3.1.2.tgz. Extracting by manifest.
114 silly tarball no local data for body-parser@https://registry.npmjs.org/body-parser/-/body-parser-1.20.2.tgz. Extracting by manifest.
115 silly tarball no local data for array-flatten@https://registry.npmjs.org/array-flatten/-/array-flatten-1.1.1.tgz. Extracting by manifest.
116 silly tarball no local data for accepts@https://registry.npmjs.org/accepts/-/accepts-1.3.8.tgz. Extracting by manifest.
117 silly tarball no local data for ms@https://registry.npmjs.org/ms/-/ms-2.1.3.tgz. Extracting by manifest.
118 http fetch POST 200 https://registry.npmjs.org/-/npm/v1/security/advisories/bulk 208ms
119 timing auditReport:getReport Completed in 216ms
120 silly audit report {}
121 timing auditReport:init Completed in 0ms
122 timing reify:audit Completed in 217ms
123 http fetch GET 200 https://registry.npmjs.org/unpipe/-/unpipe-1.0.0.tgz 870ms (cache miss)
124 timing reifyNode:node_modules/unpipe Completed in 914ms
125 http fetch GET 200 https://registry.npmjs.org/utils-merge/-/utils-merge-1.0.1.tgz 871ms (cache miss)
126 timing reifyNode:node_modules/utils-merge Completed in 915ms
127 http fetch GET 200 https://registry.npmjs.org/fresh/-/fresh-0.5.2.tgz 850ms (cache miss)
128 timing reifyNode:node_modules/fresh Completed in 914ms
129 http fetch GET 200 https://registry.npmjs.org/toidentifier/-/toidentifier-1.0.1.tgz 886ms (cache miss)
130 timing reifyNode:node_modules/toidentifier Completed in 932ms
131 http fetch GET 200 https://registry.npmjs.org/range-parser/-/range-parser-1.2.1.tgz 881ms (cache miss)
132 timing reifyNode:node_modules/range-parser Completed in 932ms
133 http fetch GET 200 https://registry.npmjs.org/ms/-/ms-2.0.0.tgz 878ms (cache miss)
134 timing reifyNode:node_modules/ms Completed in 931ms
135 http fetch GET 200 https://registry.npmjs.org/methods/-/methods-1.1.2.tgz 877ms (cache miss)
136 timing reifyNode:node_modules/methods Completed in 932ms
137 http fetch GET 200 https://registry.npmjs.org/object-assign/-/object-assign-4.1.1.tgz 881ms (cache miss)
138 timing reifyNode:node_modules/object-assign Completed in 934ms
139 http fetch GET 200 https://registry.npmjs.org/ee-first/-/ee-first-1.1.1.tgz 867ms (cache miss)
140 timing reifyNode:node_modules/ee-first Completed in 936ms
141 http fetch GET 200 https://registry.npmjs.org/http-errors/-/http-errors-2.0.0.tgz 880ms (cache miss)
142 timing reifyNode:node_modules/http-errors Completed in 938ms
143 http fetch GET 200 https://registry.npmjs.org/finalhandler/-/finalhandler-1.2.0.tgz 873ms (cache miss)
144 timing reifyNode:node_modules/finalhandler Completed in 937ms
145 http fetch GET 200 https://registry.npmjs.org/cookie-signature/-/cookie-signature-1.0.6.tgz 868ms (cache miss)
146 timing reifyNode:node_modules/cookie-signature Completed in 940ms
147 http fetch GET 200 https://registry.npmjs.org/vary/-/vary-1.1.2.tgz 903ms (cache miss)
148 timing reifyNode:node_modules/vary Completed in 947ms
149 http fetch GET 200 https://registry.npmjs.org/hasown/-/hasown-2.0.2.tgz 887ms (cache miss)
150 timing reifyNode:node_modules/hasown Completed in 946ms
151 http fetch GET 200 https://registry.npmjs.org/parseurl/-/parseurl-1.3.3.tgz 895ms (cache miss)
152 timing reifyNode:node_modules/parseurl Completed in 947ms
153 http fetch GET 200 https://registry.npmjs.org/media-typer/-/media-typer-0.3.0.tgz 892ms (cache miss)
154 timing reifyNode:node_modules/media-typer Completed in 948ms
155 http fetch GET 200 https://registry.npmjs.org/statuses/-/statuses-2.0.1.tgz 905ms (cache miss)
156 timing reifyNode:node_modules/statuses Completed in 952ms
157 http fetch GET 200 https://registry.npmjs.org/inherits/-/inherits-2.0.4.tgz 892ms (cache miss)
158 timing reifyNode:node_modules/inherits Completed in 949ms
159 http fetch GET 200 https://registry.npmjs.org/array-flatten/-/array-flatten-1.1.1.tgz 874ms (cache miss)
160 timing reifyNode:node_modules/array-flatten Completed in 947ms
161 http fetch GET 200 https://registry.npmjs.org/escape-html/-/escape-html-1.0.3.tgz 884ms (cache miss)
162 timing reifyNode:node_modules/escape-html Completed in 950ms
163 http fetch GET 200 https://registry.npmjs.org/type-is/-/type-is-1.6.18.tgz 911ms (cache miss)
164 timing reifyNode:node_modules/type-is Completed in 956ms
165 http fetch GET 200 https://registry.npmjs.org/proxy-addr/-/proxy-addr-2.0.7.tgz 904ms (cache miss)
166 timing reifyNode:node_modules/proxy-addr Completed in 956ms
167 http fetch GET 200 https://registry.npmjs.org/negotiator/-/negotiator-0.6.3.tgz 902ms (cache miss)
168 timing reifyNode:node_modules/negotiator Completed in 956ms
169 http fetch GET 200 https://registry.npmjs.org/mime-types/-/mime-types-2.1.35.tgz 901ms (cache miss)
170 timing reifyNode:node_modules/mime-types Completed in 955ms
171 http fetch GET 200 https://registry.npmjs.org/path-to-regexp/-/path-to-regexp-0.1.7.tgz 905ms (cache miss)
172 timing reifyNode:node_modules/path-to-regexp Completed in 957ms
173 http fetch GET 200 https://registry.npmjs.org/gopd/-/gopd-1.0.1.tgz 896ms (cache miss)
174 timing reifyNode:node_modules/gopd Completed in 956ms
175 http fetch GET 200 https://registry.npmjs.org/forwarded/-/forwarded-0.2.0.tgz 892ms (cache miss)
176 timing reifyNode:node_modules/forwarded Completed in 956ms
177 http fetch GET 200 https://registry.npmjs.org/destroy/-/destroy-1.2.0.tgz 893ms (cache miss)
178 timing reifyNode:node_modules/destroy Completed in 961ms
179 http fetch GET 200 https://registry.npmjs.org/bytes/-/bytes-3.1.2.tgz 892ms (cache miss)
180 timing reifyNode:node_modules/bytes Completed in 966ms
181 http fetch GET 200 https://registry.npmjs.org/content-type/-/content-type-1.0.5.tgz 894ms (cache miss)
182 timing reifyNode:node_modules/content-type Completed in 966ms
183 http fetch GET 200 https://registry.npmjs.org/etag/-/etag-1.8.1.tgz 903ms (cache miss)
184 timing reifyNode:node_modules/etag Completed in 968ms
185 http fetch GET 200 https://registry.npmjs.org/es-define-property/-/es-define-property-1.0.0.tgz 900ms (cache miss)
186 http fetch GET 200 https://registry.npmjs.org/content-disposition/-/content-disposition-0.5.4.tgz 895ms (cache miss)
187 timing reifyNode:node_modules/content-disposition Completed in 968ms
188 http fetch GET 200 https://registry.npmjs.org/has-property-descriptors/-/has-property-descriptors-1.0.2.tgz 910ms (cache miss)
189 timing reifyNode:node_modules/has-property-descriptors Completed in 969ms
190 http fetch GET 200 https://registry.npmjs.org/ms/-/ms-2.1.3.tgz 893ms (cache miss)
191 timing reifyNode:node_modules/send/node_modules/ms Completed in 973ms
192 http fetch GET 200 https://registry.npmjs.org/encodeurl/-/encodeurl-1.0.2.tgz 901ms (cache miss)
193 timing reifyNode:node_modules/encodeurl Completed in 969ms
194 http fetch GET 200 https://registry.npmjs.org/safe-buffer/-/safe-buffer-5.2.1.tgz 925ms (cache miss)
195 timing reifyNode:node_modules/safe-buffer Completed in 975ms
196 http fetch GET 200 https://registry.npmjs.org/on-finished/-/on-finished-2.4.1.tgz 924ms (cache miss)
197 timing reifyNode:node_modules/on-finished Completed in 976ms
198 timing reifyNode:node_modules/es-define-property Completed in 973ms
199 http fetch GET 200 https://registry.npmjs.org/serve-static/-/serve-static-1.15.0.tgz 930ms (cache miss)
200 timing reifyNode:node_modules/serve-static Completed in 979ms
201 http fetch GET 200 https://registry.npmjs.org/cors/-/cors-2.8.5.tgz 907ms (cache miss)
202 timing reifyNode:node_modules/cors Completed in 977ms
203 http fetch GET 200 https://registry.npmjs.org/accepts/-/accepts-1.3.8.tgz 905ms (cache miss)
204 timing reifyNode:node_modules/accepts Completed in 978ms
205 http fetch GET 200 https://registry.npmjs.org/set-function-length/-/set-function-length-1.2.2.tgz 937ms (cache miss)
206 timing reifyNode:node_modules/set-function-length Completed in 985ms
207 http fetch GET 200 https://registry.npmjs.org/has-proto/-/has-proto-1.0.3.tgz 925ms (cache miss)
208 timing reifyNode:node_modules/has-proto Completed in 984ms
209 http fetch GET 200 https://registry.npmjs.org/setprototypeof/-/setprototypeof-1.2.0.tgz 941ms (cache miss)
210 timing reifyNode:node_modules/setprototypeof Completed in 988ms
211 http fetch GET 200 https://registry.npmjs.org/raw-body/-/raw-body-2.5.2.tgz 937ms (cache miss)
212 timing reifyNode:node_modules/raw-body Completed in 988ms
213 http fetch GET 200 https://registry.npmjs.org/depd/-/depd-2.0.0.tgz 918ms (cache miss)
214 timing reifyNode:node_modules/depd Completed in 987ms
215 http fetch GET 200 https://registry.npmjs.org/merge-descriptors/-/merge-descriptors-1.0.1.tgz 936ms (cache miss)
216 timing reifyNode:node_modules/merge-descriptors Completed in 992ms
217 http fetch GET 200 https://registry.npmjs.org/call-bind/-/call-bind-1.0.7.tgz 919ms (cache miss)
218 timing reifyNode:node_modules/call-bind Completed in 992ms
219 http fetch GET 200 https://registry.npmjs.org/cookie/-/cookie-0.6.0.tgz 921ms (cache miss)
220 timing reifyNode:node_modules/cookie Completed in 992ms
221 http fetch GET 200 https://registry.npmjs.org/get-intrinsic/-/get-intrinsic-1.2.4.tgz 935ms (cache miss)
222 timing reifyNode:node_modules/get-intrinsic Completed in 995ms
223 http fetch GET 200 https://registry.npmjs.org/ipaddr.js/-/ipaddr.js-1.9.1.tgz 940ms (cache miss)
224 timing reifyNode:node_modules/ipaddr.js Completed in 997ms
225 http fetch GET 200 https://registry.npmjs.org/send/-/send-0.18.0.tgz 953ms (cache miss)
226 timing reifyNode:node_modules/send Completed in 1002ms
227 http fetch GET 200 https://registry.npmjs.org/safer-buffer/-/safer-buffer-2.1.2.tgz 953ms (cache miss)
228 timing reifyNode:node_modules/safer-buffer Completed in 1003ms
229 http fetch GET 200 https://registry.npmjs.org/define-data-property/-/define-data-property-1.1.4.tgz 931ms (cache miss)
230 timing reifyNode:node_modules/define-data-property Completed in 1000ms
231 http fetch GET 200 https://registry.npmjs.org/function-bind/-/function-bind-1.1.2.tgz 945ms (cache miss)
232 timing reifyNode:node_modules/function-bind Completed in 1006ms
233 http fetch GET 200 https://registry.npmjs.org/side-channel/-/side-channel-1.0.6.tgz 967ms (cache miss)
234 timing reifyNode:node_modules/side-channel Completed in 1014ms
235 http fetch GET 200 https://registry.npmjs.org/has-symbols/-/has-symbols-1.0.3.tgz 952ms (cache miss)
236 timing reifyNode:node_modules/has-symbols Completed in 1011ms
237 http fetch GET 200 https://registry.npmjs.org/mime/-/mime-1.6.0.tgz 959ms (cache miss)
238 timing reifyNode:node_modules/mime Completed in 1014ms
239 http fetch GET 200 https://registry.npmjs.org/mime-db/-/mime-db-1.52.0.tgz 962ms (cache miss)
240 timing reifyNode:node_modules/mime-db Completed in 1018ms
241 http fetch GET 200 https://registry.npmjs.org/body-parser/-/body-parser-1.20.2.tgz 945ms (cache miss)
242 timing reifyNode:node_modules/body-parser Completed in 1017ms
243 http fetch GET 200 https://registry.npmjs.org/es-errors/-/es-errors-1.3.0.tgz 953ms (cache miss)
244 timing reifyNode:node_modules/es-errors Completed in 1022ms
245 http fetch GET 200 https://registry.npmjs.org/debug/-/debug-2.6.9.tgz 958ms (cache miss)
246 timing reifyNode:node_modules/debug Completed in 1028ms
247 http fetch GET 200 https://registry.npmjs.org/qs/-/qs-6.11.0.tgz 1008ms (cache miss)
248 timing reifyNode:node_modules/qs Completed in 1061ms
249 http fetch GET 200 https://registry.npmjs.org/object-inspect/-/object-inspect-1.13.1.tgz 1007ms (cache miss)
250 timing reifyNode:node_modules/object-inspect Completed in 1060ms
251 http fetch GET 200 https://registry.npmjs.org/express/-/express-4.19.2.tgz 999ms (cache miss)
252 timing reifyNode:node_modules/express Completed in 1064ms
253 http fetch GET 200 https://registry.npmjs.org/iconv-lite/-/iconv-lite-0.4.24.tgz 1012ms (cache miss)
254 timing reifyNode:node_modules/iconv-lite Completed in 1070ms
255 timing reify:unpack Completed in 1074ms
256 timing reify:unretire Completed in 0ms
257 timing build:queue Completed in 21ms
258 timing build:link:node_modules/mime Completed in 9ms
259 timing build:link:node_modules/npm/node_modules/@npmcli/arborist Completed in 8ms
260 timing build:link:node_modules/npm/node_modules/cross-spawn/node_modules/which Completed in 7ms
261 timing build:link:node_modules/npm Completed in 8ms
262 timing build:link:node_modules/npm/node_modules/@npmcli/installed-package-contents Completed in 8ms
263 timing build:link:node_modules/npm/node_modules/color-support Completed in 8ms
264 timing build:link:node_modules/npm/node_modules/cssesc Completed in 8ms
265 timing build:link:node_modules/npm/node_modules/glob Completed in 9ms
266 timing build:link:node_modules/npm/node_modules/mkdirp Completed in 9ms
267 timing build:link:node_modules/npm/node_modules/node-gyp Completed in 8ms
268 timing build:link:node_modules/npm/node_modules/nopt Completed in 8ms
269 timing build:link:node_modules/npm/node_modules/pacote Completed in 8ms
270 timing build:link:node_modules/npm/node_modules/qrcode-terminal Completed in 8ms
271 timing build:link:node_modules/npm/node_modules/semver Completed in 8ms
272 timing build:link:node_modules/npm/node_modules/which Completed in 8ms
273 timing build:link Completed in 10ms
274 timing build:deps Completed in 33ms
275 timing build Completed in 33ms
276 timing reify:build Completed in 33ms
277 timing reify:trash Completed in 0ms
278 timing reify:save Completed in 195ms
279 timing reify Completed in 3601ms
280 silly ADD node_modules/vary
281 silly ADD node_modules/utils-merge
282 silly ADD node_modules/unpipe
283 silly ADD node_modules/type-is
284 silly ADD node_modules/toidentifier
285 silly ADD node_modules/statuses
286 silly ADD node_modules/side-channel
287 silly ADD node_modules/setprototypeof
288 silly ADD node_modules/set-function-length
289 silly ADD node_modules/serve-static
290 silly ADD node_modules/send
291 silly ADD node_modules/send/node_modules/ms
292 silly ADD node_modules/safer-buffer
293 silly ADD node_modules/safe-buffer
294 silly ADD node_modules/raw-body
295 silly ADD node_modules/range-parser
296 silly ADD node_modules/qs
297 silly ADD node_modules/proxy-addr
298 silly ADD node_modules/path-to-regexp
299 silly ADD node_modules/parseurl
300 silly ADD node_modules/on-finished
301 silly ADD node_modules/object-inspect
302 silly ADD node_modules/object-assign
303 silly ADD node_modules/npm
304 silly ADD node_modules/negotiator
305 silly ADD node_modules/ms
306 silly ADD node_modules/mime-types
307 silly ADD node_modules/mime-db
308 silly ADD node_modules/mime
309 silly ADD node_modules/methods
310 silly ADD node_modules/merge-descriptors
311 silly ADD node_modules/media-typer
312 silly ADD node_modules/ipaddr.js
313 silly ADD node_modules/inherits
314 silly ADD node_modules/iconv-lite
315 silly ADD node_modules/http-errors
316 silly ADD node_modules/hasown
317 silly ADD node_modules/has-symbols
318 silly ADD node_modules/has-proto
319 silly ADD node_modules/has-property-descriptors
320 silly ADD node_modules/gopd
321 silly ADD node_modules/get-intrinsic
322 silly ADD node_modules/function-bind
323 silly ADD node_modules/fresh
324 silly ADD node_modules/forwarded
325 silly ADD node_modules/finalhandler
326 silly ADD node_modules/express
327 silly ADD node_modules/etag
328 silly ADD node_modules/escape-html
329 silly ADD node_modules/es-errors
330 silly ADD node_modules/es-define-property
331 silly ADD node_modules/encodeurl
332 silly ADD node_modules/ee-first
333 silly ADD node_modules/destroy
334 silly ADD node_modules/depd
335 silly ADD node_modules/define-data-property
336 silly ADD node_modules/debug
337 silly ADD node_modules/cors
338 silly ADD node_modules/cookie-signature
339 silly ADD node_modules/cookie
340 silly ADD node_modules/content-type
341 silly ADD node_modules/content-disposition
342 silly ADD node_modules/call-bind
343 silly ADD node_modules/bytes
344 silly ADD node_modules/body-parser
345 silly ADD node_modules/array-flatten
346 silly ADD node_modules/accepts
347 timing command:install Completed in 3620ms
348 verbose exit 0
349 timing npm Completed in 4214ms
350 info ok
